Analysis & Synthesis report for semaforo
Thu Nov 27 09:59:50 2025
Quartus Prime Version 24.1std.0 Build 1077 03/04/2025 SC Lite Edition


---------------------
; Table of Contents ;
---------------------
  1. Legal Notice
  2. Analysis & Synthesis Summary
  3. Analysis & Synthesis Settings
  4. Parallel Compilation
  5. Analysis & Synthesis Source Files Read
  6. Analysis & Synthesis Resource Usage Summary
  7. Analysis & Synthesis Resource Utilization by Entity
  8. State Machine - |semaforo|semaforo_logica:logica_1|actual
  9. Registers Removed During Synthesis
 10. General Register Statistics
 11. Inverted Register Statistics
 12. Post-Synthesis Netlist Statistics for Top Partition
 13. Elapsed Time Per Partition
 14. Analysis & Synthesis Messages



----------------
; Legal Notice ;
----------------
Copyright (C) 2025  Altera Corporation. All rights reserved.
Your use of Altera Corporation's design tools, logic functions 
and other software and tools, and any partner logic 
functions, and any output files from any of the foregoing 
(including device programming or simulation files), and any 
associated documentation or information are expressly subject 
to the terms and conditions of the Altera Program License 
Subscription Agreement, the Altera Quartus Prime License Agreement,
the Altera IP License Agreement, or other applicable license
agreement, including, without limitation, that your use is for
the sole purpose of programming logic devices manufactured by
Altera and sold by Altera or its authorized distributors.  Please
refer to the Altera Software License Subscription Agreements 
on the Quartus Prime software download page.



+--------------------------------------------------------------------------------------+
; Analysis & Synthesis Summary                                                         ;
+------------------------------------+-------------------------------------------------+
; Analysis & Synthesis Status        ; Successful - Thu Nov 27 09:59:50 2025           ;
; Quartus Prime Version              ; 24.1std.0 Build 1077 03/04/2025 SC Lite Edition ;
; Revision Name                      ; semaforo                                        ;
; Top-level Entity Name              ; semaforo                                        ;
; Family                             ; MAX 10                                          ;
; Total logic elements               ; 150                                             ;
;     Total combinational functions  ; 132                                             ;
;     Dedicated logic registers      ; 108                                             ;
; Total registers                    ; 108                                             ;
; Total pins                         ; 20                                              ;
; Total virtual pins                 ; 0                                               ;
; Total memory bits                  ; 0                                               ;
; Embedded Multiplier 9-bit elements ; 0                                               ;
; Total PLLs                         ; 0                                               ;
; UFM blocks                         ; 0                                               ;
; ADC blocks                         ; 0                                               ;
+------------------------------------+-------------------------------------------------+


+------------------------------------------------------------------------------------------------------------+
; Analysis & Synthesis Settings                                                                              ;
+------------------------------------------------------------------+--------------------+--------------------+
; Option                                                           ; Setting            ; Default Value      ;
+------------------------------------------------------------------+--------------------+--------------------+
; Device                                                           ; 10M50DAF484C7G     ;                    ;
; Top-level entity name                                            ; semaforo           ; semaforo           ;
; Family name                                                      ; MAX 10             ; Cyclone V          ;
; Use smart compilation                                            ; Off                ; Off                ;
; Enable parallel Assembler and Timing Analyzer during compilation ; On                 ; On                 ;
; Enable compact report table                                      ; Off                ; Off                ;
; Restructure Multiplexers                                         ; Auto               ; Auto               ;
; Create Debugging Nodes for IP Cores                              ; Off                ; Off                ;
; Preserve fewer node names                                        ; On                 ; On                 ;
; Intel FPGA IP Evaluation Mode                                    ; Enable             ; Enable             ;
; Verilog Version                                                  ; Verilog_2001       ; Verilog_2001       ;
; VHDL Version                                                     ; VHDL_1993          ; VHDL_1993          ;
; State Machine Processing                                         ; Auto               ; Auto               ;
; Safe State Machine                                               ; Off                ; Off                ;
; Extract Verilog State Machines                                   ; On                 ; On                 ;
; Extract VHDL State Machines                                      ; On                 ; On                 ;
; Ignore Verilog initial constructs                                ; Off                ; Off                ;
; Iteration limit for constant Verilog loops                       ; 5000               ; 5000               ;
; Iteration limit for non-constant Verilog loops                   ; 250                ; 250                ;
; Add Pass-Through Logic to Inferred RAMs                          ; On                 ; On                 ;
; Infer RAMs from Raw Logic                                        ; On                 ; On                 ;
; Parallel Synthesis                                               ; On                 ; On                 ;
; DSP Block Balancing                                              ; Auto               ; Auto               ;
; NOT Gate Push-Back                                               ; On                 ; On                 ;
; Power-Up Don't Care                                              ; On                 ; On                 ;
; Remove Redundant Logic Cells                                     ; Off                ; Off                ;
; Remove Duplicate Registers                                       ; On                 ; On                 ;
; Ignore CARRY Buffers                                             ; Off                ; Off                ;
; Ignore CASCADE Buffers                                           ; Off                ; Off                ;
; Ignore GLOBAL Buffers                                            ; Off                ; Off                ;
; Ignore ROW GLOBAL Buffers                                        ; Off                ; Off                ;
; Ignore LCELL Buffers                                             ; Off                ; Off                ;
; Ignore SOFT Buffers                                              ; On                 ; On                 ;
; Limit AHDL Integers to 32 Bits                                   ; Off                ; Off                ;
; Optimization Technique                                           ; Balanced           ; Balanced           ;
; Carry Chain Length                                               ; 70                 ; 70                 ;
; Auto Carry Chains                                                ; On                 ; On                 ;
; Auto Open-Drain Pins                                             ; On                 ; On                 ;
; Perform WYSIWYG Primitive Resynthesis                            ; Off                ; Off                ;
; Auto ROM Replacement                                             ; On                 ; On                 ;
; Auto RAM Replacement                                             ; On                 ; On                 ;
; Auto DSP Block Replacement                                       ; On                 ; On                 ;
; Auto Shift Register Replacement                                  ; Auto               ; Auto               ;
; Allow Shift Register Merging across Hierarchies                  ; Auto               ; Auto               ;
; Auto Clock Enable Replacement                                    ; On                 ; On                 ;
; Strict RAM Replacement                                           ; Off                ; Off                ;
; Allow Synchronous Control Signals                                ; On                 ; On                 ;
; Force Use of Synchronous Clear Signals                           ; Off                ; Off                ;
; Auto RAM Block Balancing                                         ; On                 ; On                 ;
; Auto RAM to Logic Cell Conversion                                ; Off                ; Off                ;
; Auto Resource Sharing                                            ; Off                ; Off                ;
; Allow Any RAM Size For Recognition                               ; Off                ; Off                ;
; Allow Any ROM Size For Recognition                               ; Off                ; Off                ;
; Allow Any Shift Register Size For Recognition                    ; Off                ; Off                ;
; Use LogicLock Constraints during Resource Balancing              ; On                 ; On                 ;
; Ignore translate_off and synthesis_off directives                ; Off                ; Off                ;
; Timing-Driven Synthesis                                          ; On                 ; On                 ;
; Report Parameter Settings                                        ; On                 ; On                 ;
; Report Source Assignments                                        ; On                 ; On                 ;
; Report Connectivity Checks                                       ; On                 ; On                 ;
; Ignore Maximum Fan-Out Assignments                               ; Off                ; Off                ;
; Synchronization Register Chain Length                            ; 2                  ; 2                  ;
; Power Optimization During Synthesis                              ; Normal compilation ; Normal compilation ;
; HDL message level                                                ; Level2             ; Level2             ;
; Suppress Register Optimization Related Messages                  ; Off                ; Off                ;
; Number of Removed Registers Reported in Synthesis Report         ; 5000               ; 5000               ;
; Number of Swept Nodes Reported in Synthesis Report               ; 5000               ; 5000               ;
; Number of Inverted Registers Reported in Synthesis Report        ; 100                ; 100                ;
; Clock MUX Protection                                             ; On                 ; On                 ;
; Auto Gated Clock Conversion                                      ; Off                ; Off                ;
; Block Design Naming                                              ; Auto               ; Auto               ;
; SDC constraint protection                                        ; Off                ; Off                ;
; Synthesis Effort                                                 ; Auto               ; Auto               ;
; Shift Register Replacement - Allow Asynchronous Clear Signal     ; On                 ; On                 ;
; Pre-Mapping Resynthesis Optimization                             ; Off                ; Off                ;
; Analysis & Synthesis Message Level                               ; Medium             ; Medium             ;
; Disable Register Merging Across Hierarchies                      ; Auto               ; Auto               ;
; Resource Aware Inference For Block RAM                           ; On                 ; On                 ;
+------------------------------------------------------------------+--------------------+--------------------+


+------------------------------------------+
; Parallel Compilation                     ;
+----------------------------+-------------+
; Processors                 ; Number      ;
+----------------------------+-------------+
; Number detected on machine ; 16          ;
; Maximum allowed            ; 16          ;
;                            ;             ;
; Average used               ; 1.00        ;
; Maximum used               ; 16          ;
;                            ;             ;
; Usage by Processor         ; % Time Used ;
;     Processor 1            ; 100.0%      ;
;     Processor 2            ;   0.0%      ;
;     Processors 3-16        ;   0.0%      ;
+----------------------------+-------------+


+----------------------------------------------------------------------------------------------------------------------------------------------------------------------------------------------------+
; Analysis & Synthesis Source Files Read                                                                                                                                                             ;
+---------------------------------------+-----------------+------------------------+-------------------------------------------------------------------------------------------------------+---------+
; File Name with User-Entered Path      ; Used in Netlist ; File Type              ; File Name with Absolute Path                                                                          ; Library ;
+---------------------------------------+-----------------+------------------------+-------------------------------------------------------------------------------------------------------+---------+
; ../SemáforoPro/src/semaforo_logica.v ; yes             ; User Verilog HDL File  ; /mnt/1EFC8AD1FC8AA31F/Tareas/Otono25/Sistemas Embebidos/Práctica5/SemáforoPro/src/semaforo_logica.v ;         ;
; ../SemáforoPro/src/semaforo_a_leds.v ; yes             ; User Verilog HDL File  ; /mnt/1EFC8AD1FC8AA31F/Tareas/Otono25/Sistemas Embebidos/Práctica5/SemáforoPro/src/semaforo_a_leds.v ;         ;
; ../SemáforoPro/src/semaforo.v        ; yes             ; User Verilog HDL File  ; /mnt/1EFC8AD1FC8AA31F/Tareas/Otono25/Sistemas Embebidos/Práctica5/SemáforoPro/src/semaforo.v        ;         ;
; ../SemáforoPro/src/peaton_a_leds.v   ; yes             ; User Verilog HDL File  ; /mnt/1EFC8AD1FC8AA31F/Tareas/Otono25/Sistemas Embebidos/Práctica5/SemáforoPro/src/peaton_a_leds.v   ;         ;
; ../SemáforoPro/src/freq_divider.v    ; yes             ; User Verilog HDL File  ; /mnt/1EFC8AD1FC8AA31F/Tareas/Otono25/Sistemas Embebidos/Práctica5/SemáforoPro/src/freq_divider.v    ;         ;
+---------------------------------------+-----------------+------------------------+-------------------------------------------------------------------------------------------------------+---------+


+---------------------------------------------------------+
; Analysis & Synthesis Resource Usage Summary             ;
+---------------------------------------------+-----------+
; Resource                                    ; Usage     ;
+---------------------------------------------+-----------+
; Estimated Total logic elements              ; 150       ;
;                                             ;           ;
; Total combinational functions               ; 132       ;
; Logic element usage by number of LUT inputs ;           ;
;     -- 4 input functions                    ; 49        ;
;     -- 3 input functions                    ; 13        ;
;     -- <=2 input functions                  ; 70        ;
;                                             ;           ;
; Logic elements by mode                      ;           ;
;     -- normal mode                          ; 70        ;
;     -- arithmetic mode                      ; 62        ;
;                                             ;           ;
; Total registers                             ; 108       ;
;     -- Dedicated logic registers            ; 108       ;
;     -- I/O registers                        ; 0         ;
;                                             ;           ;
; I/O pins                                    ; 20        ;
;                                             ;           ;
; Embedded Multiplier 9-bit elements          ; 0         ;
;                                             ;           ;
; Maximum fan-out node                        ; rst~input ;
; Maximum fan-out                             ; 108       ;
; Total fan-out                               ; 817       ;
; Average fan-out                             ; 2.92      ;
+---------------------------------------------+-----------+


+----------------------------------------------------------------------------------------------------------------------------------------------------------------------------------------------------------------------------------------------------------------+
; Analysis & Synthesis Resource Utilization by Entity                                                                                                                                                                                                            ;
+----------------------------------+---------------------+---------------------------+-------------+------------+--------------+---------+-----------+------+--------------+------------+---------------------------------------+-----------------+--------------+
; Compilation Hierarchy Node       ; Combinational ALUTs ; Dedicated Logic Registers ; Memory Bits ; UFM Blocks ; DSP Elements ; DSP 9x9 ; DSP 18x18 ; Pins ; Virtual Pins ; ADC blocks ; Full Hierarchy Name                   ; Entity Name     ; Library Name ;
+----------------------------------+---------------------+---------------------------+-------------+------------+--------------+---------+-----------+------+--------------+------------+---------------------------------------+-----------------+--------------+
; |semaforo                        ; 132 (0)             ; 108 (0)                   ; 0           ; 0          ; 0            ; 0       ; 0         ; 20   ; 0            ; 0          ; |semaforo                             ; semaforo        ; work         ;
;    |freq_divider:clk1_seg|       ; 43 (43)             ; 33 (33)                   ; 0           ; 0          ; 0            ; 0       ; 0         ; 0    ; 0            ; 0          ; |semaforo|freq_divider:clk1_seg       ; freq_divider    ; work         ;
;    |peaton_a_leds:ped_a_led|     ; 2 (2)               ; 3 (3)                     ; 0           ; 0          ; 0            ; 0       ; 0         ; 0    ; 0            ; 0          ; |semaforo|peaton_a_leds:ped_a_led     ; peaton_a_leds   ; work         ;
;    |semaforo_a_leds:sem_a_led_0| ; 5 (5)               ; 5 (5)                     ; 0           ; 0          ; 0            ; 0       ; 0         ; 0    ; 0            ; 0          ; |semaforo|semaforo_a_leds:sem_a_led_0 ; semaforo_a_leds ; work         ;
;    |semaforo_a_leds:sem_a_led_1| ; 5 (5)               ; 5 (5)                     ; 0           ; 0          ; 0            ; 0       ; 0         ; 0    ; 0            ; 0          ; |semaforo|semaforo_a_leds:sem_a_led_1 ; semaforo_a_leds ; work         ;
;    |semaforo_a_leds:sem_a_led_2| ; 5 (5)               ; 5 (5)                     ; 0           ; 0          ; 0            ; 0       ; 0         ; 0    ; 0            ; 0          ; |semaforo|semaforo_a_leds:sem_a_led_2 ; semaforo_a_leds ; work         ;
;    |semaforo_a_leds:sem_a_led_3| ; 5 (5)               ; 5 (5)                     ; 0           ; 0          ; 0            ; 0       ; 0         ; 0    ; 0            ; 0          ; |semaforo|semaforo_a_leds:sem_a_led_3 ; semaforo_a_leds ; work         ;
;    |semaforo_logica:logica_1|    ; 67 (67)             ; 52 (52)                   ; 0           ; 0          ; 0            ; 0       ; 0         ; 0    ; 0            ; 0          ; |semaforo|semaforo_logica:logica_1    ; semaforo_logica ; work         ;
+----------------------------------+---------------------+---------------------------+-------------+------------+--------------+---------+-----------+------+--------------+------------+---------------------------------------+-----------------+--------------+
Note: For table entries with two numbers listed, the numbers in parentheses indicate the number of resources of the given type used by the specific entity alone. The numbers listed outside of parentheses indicate the total resources of the given type used by the specific entity and all of its sub-entities in the hierarchy.


Encoding Type:  One-Hot
+----------------------------------------------------------------------------------------------------------------------------------------------------------------------------------------------------------------------------------------------------------------------+
; State Machine - |semaforo|semaforo_logica:logica_1|actual                                                                                                                                                                                                            ;
+------------+------------+------------+------------+------------+------------+------------+------------+------------+------------+------------+-----------+-----------+-----------+-----------+-----------+-----------+-----------+-----------+-----------+-----------+
; Name       ; actual.S19 ; actual.S18 ; actual.S17 ; actual.S16 ; actual.S15 ; actual.S14 ; actual.S13 ; actual.S12 ; actual.S11 ; actual.S10 ; actual.S9 ; actual.S8 ; actual.S7 ; actual.S6 ; actual.S5 ; actual.S4 ; actual.S3 ; actual.S2 ; actual.S1 ; actual.S0 ;
+------------+------------+------------+------------+------------+------------+------------+------------+------------+------------+------------+-----------+-----------+-----------+-----------+-----------+-----------+-----------+-----------+-----------+-----------+
; actual.S0  ; 0          ; 0          ; 0          ; 0          ; 0          ; 0          ; 0          ; 0          ; 0          ; 0          ; 0         ; 0         ; 0         ; 0         ; 0         ; 0         ; 0         ; 0         ; 0         ; 0         ;
; actual.S1  ; 0          ; 0          ; 0          ; 0          ; 0          ; 0          ; 0          ; 0          ; 0          ; 0          ; 0         ; 0         ; 0         ; 0         ; 0         ; 0         ; 0         ; 0         ; 1         ; 1         ;
; actual.S2  ; 0          ; 0          ; 0          ; 0          ; 0          ; 0          ; 0          ; 0          ; 0          ; 0          ; 0         ; 0         ; 0         ; 0         ; 0         ; 0         ; 0         ; 1         ; 0         ; 1         ;
; actual.S3  ; 0          ; 0          ; 0          ; 0          ; 0          ; 0          ; 0          ; 0          ; 0          ; 0          ; 0         ; 0         ; 0         ; 0         ; 0         ; 0         ; 1         ; 0         ; 0         ; 1         ;
; actual.S4  ; 0          ; 0          ; 0          ; 0          ; 0          ; 0          ; 0          ; 0          ; 0          ; 0          ; 0         ; 0         ; 0         ; 0         ; 0         ; 1         ; 0         ; 0         ; 0         ; 1         ;
; actual.S5  ; 0          ; 0          ; 0          ; 0          ; 0          ; 0          ; 0          ; 0          ; 0          ; 0          ; 0         ; 0         ; 0         ; 0         ; 1         ; 0         ; 0         ; 0         ; 0         ; 1         ;
; actual.S6  ; 0          ; 0          ; 0          ; 0          ; 0          ; 0          ; 0          ; 0          ; 0          ; 0          ; 0         ; 0         ; 0         ; 1         ; 0         ; 0         ; 0         ; 0         ; 0         ; 1         ;
; actual.S7  ; 0          ; 0          ; 0          ; 0          ; 0          ; 0          ; 0          ; 0          ; 0          ; 0          ; 0         ; 0         ; 1         ; 0         ; 0         ; 0         ; 0         ; 0         ; 0         ; 1         ;
; actual.S8  ; 0          ; 0          ; 0          ; 0          ; 0          ; 0          ; 0          ; 0          ; 0          ; 0          ; 0         ; 1         ; 0         ; 0         ; 0         ; 0         ; 0         ; 0         ; 0         ; 1         ;
; actual.S9  ; 0          ; 0          ; 0          ; 0          ; 0          ; 0          ; 0          ; 0          ; 0          ; 0          ; 1         ; 0         ; 0         ; 0         ; 0         ; 0         ; 0         ; 0         ; 0         ; 1         ;
; actual.S10 ; 0          ; 0          ; 0          ; 0          ; 0          ; 0          ; 0          ; 0          ; 0          ; 1          ; 0         ; 0         ; 0         ; 0         ; 0         ; 0         ; 0         ; 0         ; 0         ; 1         ;
; actual.S11 ; 0          ; 0          ; 0          ; 0          ; 0          ; 0          ; 0          ; 0          ; 1          ; 0          ; 0         ; 0         ; 0         ; 0         ; 0         ; 0         ; 0         ; 0         ; 0         ; 1         ;
; actual.S12 ; 0          ; 0          ; 0          ; 0          ; 0          ; 0          ; 0          ; 1          ; 0          ; 0          ; 0         ; 0         ; 0         ; 0         ; 0         ; 0         ; 0         ; 0         ; 0         ; 1         ;
; actual.S13 ; 0          ; 0          ; 0          ; 0          ; 0          ; 0          ; 1          ; 0          ; 0          ; 0          ; 0         ; 0         ; 0         ; 0         ; 0         ; 0         ; 0         ; 0         ; 0         ; 1         ;
; actual.S14 ; 0          ; 0          ; 0          ; 0          ; 0          ; 1          ; 0          ; 0          ; 0          ; 0          ; 0         ; 0         ; 0         ; 0         ; 0         ; 0         ; 0         ; 0         ; 0         ; 1         ;
; actual.S15 ; 0          ; 0          ; 0          ; 0          ; 1          ; 0          ; 0          ; 0          ; 0          ; 0          ; 0         ; 0         ; 0         ; 0         ; 0         ; 0         ; 0         ; 0         ; 0         ; 1         ;
; actual.S16 ; 0          ; 0          ; 0          ; 1          ; 0          ; 0          ; 0          ; 0          ; 0          ; 0          ; 0         ; 0         ; 0         ; 0         ; 0         ; 0         ; 0         ; 0         ; 0         ; 1         ;
; actual.S17 ; 0          ; 0          ; 1          ; 0          ; 0          ; 0          ; 0          ; 0          ; 0          ; 0          ; 0         ; 0         ; 0         ; 0         ; 0         ; 0         ; 0         ; 0         ; 0         ; 1         ;
; actual.S18 ; 0          ; 1          ; 0          ; 0          ; 0          ; 0          ; 0          ; 0          ; 0          ; 0          ; 0         ; 0         ; 0         ; 0         ; 0         ; 0         ; 0         ; 0         ; 0         ; 1         ;
; actual.S19 ; 1          ; 0          ; 0          ; 0          ; 0          ; 0          ; 0          ; 0          ; 0          ; 0          ; 0         ; 0         ; 0         ; 0         ; 0         ; 0         ; 0         ; 0         ; 0         ; 1         ;
+------------+------------+------------+------------+------------+------------+------------+------------+------------+------------+------------+-----------+-----------+-----------+-----------+-----------+-----------+-----------+-----------+-----------+-----------+


+------------------------------------------------------------+
; Registers Removed During Synthesis                         ;
+---------------------------------------+--------------------+
; Register name                         ; Reason for Removal ;
+---------------------------------------+--------------------+
; semaforo_logica:logica_1|actual~24    ; Lost fanout        ;
; semaforo_logica:logica_1|actual~25    ; Lost fanout        ;
; semaforo_logica:logica_1|actual~26    ; Lost fanout        ;
; semaforo_logica:logica_1|actual~27    ; Lost fanout        ;
; semaforo_logica:logica_1|actual~28    ; Lost fanout        ;
; Total Number of Removed Registers = 5 ;                    ;
+---------------------------------------+--------------------+


+------------------------------------------------------+
; General Register Statistics                          ;
+----------------------------------------------+-------+
; Statistic                                    ; Value ;
+----------------------------------------------+-------+
; Total registers                              ; 108   ;
; Number of registers using Synchronous Clear  ; 64    ;
; Number of registers using Synchronous Load   ; 0     ;
; Number of registers using Asynchronous Clear ; 108   ;
; Number of registers using Asynchronous Load  ; 0     ;
; Number of registers using Clock Enable       ; 20    ;
; Number of registers using Preset             ; 0     ;
+----------------------------------------------+-------+


+--------------------------------------------------+
; Inverted Register Statistics                     ;
+----------------------------------------+---------+
; Inverted Register                      ; Fan out ;
+----------------------------------------+---------+
; semaforo_a_leds:sem_a_led_0|blink      ; 3       ;
; semaforo_a_leds:sem_a_led_1|blink      ; 3       ;
; semaforo_a_leds:sem_a_led_2|blink      ; 3       ;
; semaforo_a_leds:sem_a_led_3|blink      ; 3       ;
; peaton_a_leds:ped_a_led|blink          ; 2       ;
; Total number of inverted registers = 5 ;         ;
+----------------------------------------+---------+


+-----------------------------------------------------+
; Post-Synthesis Netlist Statistics for Top Partition ;
+-----------------------+-----------------------------+
; Type                  ; Count                       ;
+-----------------------+-----------------------------+
; boundary_port         ; 20                          ;
; cycloneiii_ff         ; 108                         ;
;     CLR               ; 24                          ;
;     CLR SCLR          ; 64                          ;
;     ENA CLR           ; 20                          ;
; cycloneiii_lcell_comb ; 132                         ;
;     arith             ; 62                          ;
;         2 data inputs ; 62                          ;
;     normal            ; 70                          ;
;         1 data inputs ; 4                           ;
;         2 data inputs ; 4                           ;
;         3 data inputs ; 13                          ;
;         4 data inputs ; 49                          ;
;                       ;                             ;
; Max LUT depth         ; 6.00                        ;
; Average LUT depth     ; 3.14                        ;
+-----------------------+-----------------------------+


+-------------------------------+
; Elapsed Time Per Partition    ;
+----------------+--------------+
; Partition Name ; Elapsed Time ;
+----------------+--------------+
; Top            ; 00:00:00     ;
+----------------+--------------+


+-------------------------------+
; Analysis & Synthesis Messages ;
+-------------------------------+
Info: *******************************************************************
Info: Running Quartus Prime Analysis & Synthesis
    Info: Version 24.1std.0 Build 1077 03/04/2025 SC Lite Edition
    Info: Processing started: Thu Nov 27 09:59:44 2025
Info: Command: quartus_map --read_settings_files=on --write_settings_files=off semaforo -c semaforo
Warning (18236): Number of processors has not been specified which may cause overloading on shared machines.  Set the global assignment NUM_PARALLEL_PROCESSORS in your QSF to an appropriate value for best performance.
Info (20030): Parallel compilation is enabled and will use 16 of the 16 processors detected
Info (12021): Found 1 design units, including 1 entities, in source file /mnt/1EFC8AD1FC8AA31F/Tareas/Otono25/Sistemas Embebidos/Práctica5/SemáforoPro/src/semaforo_logica.v
    Info (12023): Found entity 1: semaforo_logica File: /mnt/1EFC8AD1FC8AA31F/Tareas/Otono25/Sistemas Embebidos/Práctica5/SemáforoPro/src/semaforo_logica.v Line: 1
Info (12021): Found 1 design units, including 1 entities, in source file /mnt/1EFC8AD1FC8AA31F/Tareas/Otono25/Sistemas Embebidos/Práctica5/SemáforoPro/src/semaforo_a_leds.v
    Info (12023): Found entity 1: semaforo_a_leds File: /mnt/1EFC8AD1FC8AA31F/Tareas/Otono25/Sistemas Embebidos/Práctica5/SemáforoPro/src/semaforo_a_leds.v Line: 1
Info (12021): Found 1 design units, including 1 entities, in source file /mnt/1EFC8AD1FC8AA31F/Tareas/Otono25/Sistemas Embebidos/Práctica5/SemáforoPro/src/semaforo.v
    Info (12023): Found entity 1: semaforo File: /mnt/1EFC8AD1FC8AA31F/Tareas/Otono25/Sistemas Embebidos/Práctica5/SemáforoPro/src/semaforo.v Line: 1
Info (12021): Found 1 design units, including 1 entities, in source file /mnt/1EFC8AD1FC8AA31F/Tareas/Otono25/Sistemas Embebidos/Práctica5/SemáforoPro/src/peaton_a_leds.v
    Info (12023): Found entity 1: peaton_a_leds File: /mnt/1EFC8AD1FC8AA31F/Tareas/Otono25/Sistemas Embebidos/Práctica5/SemáforoPro/src/peaton_a_leds.v Line: 1
Info (12021): Found 1 design units, including 1 entities, in source file /mnt/1EFC8AD1FC8AA31F/Tareas/Otono25/Sistemas Embebidos/Práctica5/SemáforoPro/src/freq_divider.v
    Info (12023): Found entity 1: freq_divider File: /mnt/1EFC8AD1FC8AA31F/Tareas/Otono25/Sistemas Embebidos/Práctica5/SemáforoPro/src/freq_divider.v Line: 1
Info (12127): Elaborating entity "semaforo" for the top level hierarchy
Info (12128): Elaborating entity "freq_divider" for hierarchy "freq_divider:clk1_seg" File: /mnt/1EFC8AD1FC8AA31F/Tareas/Otono25/Sistemas Embebidos/Práctica5/SemáforoPro/src/semaforo.v Line: 11
Info (12128): Elaborating entity "semaforo_logica" for hierarchy "semaforo_logica:logica_1" File: /mnt/1EFC8AD1FC8AA31F/Tareas/Otono25/Sistemas Embebidos/Práctica5/SemáforoPro/src/semaforo.v Line: 12
Info (12128): Elaborating entity "semaforo_a_leds" for hierarchy "semaforo_a_leds:sem_a_led_0" File: /mnt/1EFC8AD1FC8AA31F/Tareas/Otono25/Sistemas Embebidos/Práctica5/SemáforoPro/src/semaforo.v Line: 13
Info (12128): Elaborating entity "peaton_a_leds" for hierarchy "peaton_a_leds:ped_a_led" File: /mnt/1EFC8AD1FC8AA31F/Tareas/Otono25/Sistemas Embebidos/Práctica5/SemáforoPro/src/semaforo.v Line: 17
Info (13000): Registers with preset signals will power-up high File: /mnt/1EFC8AD1FC8AA31F/Tareas/Otono25/Sistemas Embebidos/Práctica5/SemáforoPro/src/semaforo_a_leds.v Line: 22
Info (13003): DEV_CLRn pin will set, and not reset, register with preset signal due to NOT Gate Push-Back
Info (286030): Timing-Driven Synthesis is running
Info (17049): 5 registers lost all their fanouts during netlist optimizations.
Info (16010): Generating hard_block partition "hard_block:auto_generated_inst"
    Info (16011): Adding 0 node(s), including 0 DDIO, 0 PLL, 0 transceiver and 0 LCELL
Info (21057): Implemented 171 device resources after synthesis - the final resource count might be different
    Info (21058): Implemented 2 input pins
    Info (21059): Implemented 18 output pins
    Info (21061): Implemented 151 logic cells
Info: Quartus Prime Analysis & Synthesis was successful. 0 errors, 1 warning
    Info: Peak virtual memory: 491 megabytes
    Info: Processing ended: Thu Nov 27 09:59:50 2025
    Info: Elapsed time: 00:00:06
    Info: Total CPU time (on all processors): 00:00:16


