# Design: Design contador_con_div already active.
# DESIGN: Default Design Language: VERILOG
# DESIGN: Default BDE Language: VERILOG
# DESIGN: Flow Manager: Not Defined
alog -O2 -sve -msg 5 -sv2k17 -work contador_con_div $dsn/src/contador_con_div.v
# Unit top modules: freq_div.
# Compile success 0 Errors 0 Warnings  Analysis time: 0[s].
# done
alog -O2 -sve -msg 5 -sv2k17 -work contador_con_div $dsn/src/contador_con_div.v
# Unit top modules: contador_con_divisor.
# Compile success 0 Errors 0 Warnings  Analysis time: 0[s].
# done
alog -O2 -sve -msg 5 -sv2k17 -work contador_con_div $dsn/src/tb_contador.v
# Warning: VCP2590 tb_contador.v : (8, 1): Undefined port clk_50MHz in module contador_con_divisor.
# Unit top modules: tb_contador_con_divisor.
# Compile success 0 Errors 1 Warnings  Analysis time: 0[s].
# done
alog -O2 -sve -msg 5 -sv2k17 -work contador_con_div $dsn/src/tb_contador.v
# Unit top modules: tb_contador_con_divisor.
# Compile success 0 Errors 0 Warnings  Analysis time: 0[s].
# done
# ELBREAD: Elaboration process.
# ELBREAD: Elaboration time 0.0 [s].
asim -O5 +access +r +m+tb_contador_con_divisor tb_contador_con_divisor
# ELBREAD: Elaboration process.
# ELBREAD: Elaboration time 0.0 [s].
# VSIM: Stack memory: 32MB
# VSIM: Retval memory: 32MB
# 
# KERNEL: Main thread initiated.
# KERNEL: Kernel process initialization phase.
# ELAB2: Elaboration final pass...
# ELAB2: Create instances ...
# KERNEL: Time resolution set to 1ps.
# ELAB2: Create instances complete.
# SLP: Started
# SLP: Elaboration phase ...
# SLP: Elaboration phase ... done : 0.1 [s]
# SLP: Generation phase ...
# SLP: Generation phase ... done : 1.0 [s]
# SLP: Finished : 1.0 [s]
# SLP: 0 primitives and 4 (100.00%) other processes in SLP
# SLP: 17 (100.00%) signals in SLP and 0 interface signals
# ELAB2: Elaboration final pass complete - time: 1.1 [s].
# KERNEL: SLP loading done - time: 0.2 [s].
# KERNEL: Warning: You are using the Active-HDL Student Edition. The performance of simulation is running at a reduced rate.
# KERNEL: Warning: Contact Aldec for available upgrade options - sales@aldec.com.
# KERNEL: SLP simulation initialization done - time: 0.0 [s].
# KERNEL: Kernel process initialization done.
# Allocation: Simulator allocated 4667 kB (elbread=427 elab2=4106 kernel=134 sdf=0)
# KERNEL: ASDB file was created in location D:\Tareas\Otoño 25\Sistemas Embebidos\Practica2\Practica2Active\contador_con_div\contador_con_div\src\wave.asdb
#  08:46 a. m., jueves, 11 de septiembre de 2025
#  Simulation has been initialized
# VSIM: 4 object(s) traced.
# Waveform file 'untitled.awc' connected to 'D:/Tareas/Otoño 25/Sistemas Embebidos/Practica2/Practica2Active/contador_con_div/contador_con_div/src/wave.asdb'.
run
# KERNEL: Iniciando simulación...
endsim
# KERNEL: stopped at time: 15622 ns
# VSIM: Simulation has finished.
alog -O2 -sve -msg 5 -sv2k17 -work contador_con_div $dsn/src/tb_contador.v
# Unit top modules: tb_contador_con_divisor.
# Compile success 0 Errors 0 Warnings  Analysis time: 0[s].
# done
asim -O5 +access +r +m+tb_contador_con_divisor tb_contador_con_divisor
# ELBREAD: Elaboration process.
# ELBREAD: Warning: ELBREAD_0049 The "contador_con_divisor" design unit does not have a time unit/precision defined but other design units do.
# ELBREAD: Warning: ELBREAD_0049 The "freq_div" design unit does not have a time unit/precision defined but other design units do.
# ELBREAD: Warning: ELBREAD_0049 The "contador_ascendente" design unit does not have a time unit/precision defined but other design units do.
# ELBREAD: Elaboration time 0.0 [s].
# VSIM: Stack memory: 32MB
# VSIM: Retval memory: 32MB
# 
# KERNEL: Main thread initiated.
# KERNEL: Kernel process initialization phase.
# ELAB2: Elaboration final pass...
# ELAB2: Create instances ...
# KERNEL: Time resolution set to 1ps.
# ELAB2: Create instances complete.
# SLP: Started
# SLP: Elaboration phase ...
# SLP: Elaboration phase ... done : 0.0 [s]
# SLP: Generation phase ...
# SLP: Generation phase ... done : 0.3 [s]
# SLP: Finished : 0.3 [s]
# SLP: 0 primitives and 4 (100.00%) other processes in SLP
# SLP: 17 (100.00%) signals in SLP and 0 interface signals
# ELAB2: Elaboration final pass complete - time: 0.3 [s].
# KERNEL: SLP loading done - time: 0.0 [s].
# KERNEL: Warning: You are using the Active-HDL Student Edition. The performance of simulation is running at a reduced rate.
# KERNEL: Warning: Contact Aldec for available upgrade options - sales@aldec.com.
# KERNEL: SLP simulation initialization done - time: 0.0 [s].
# KERNEL: Kernel process initialization done.
# Allocation: Simulator allocated 4667 kB (elbread=427 elab2=4106 kernel=134 sdf=0)
# KERNEL: ASDB file was created in location D:\Tareas\Otoño 25\Sistemas Embebidos\Practica2\Practica2Active\contador_con_div\contador_con_div\src\wave.asdb
#  08:47 a. m., jueves, 11 de septiembre de 2025
#  Simulation has been initialized
# VSIM: 4 object(s) traced.
# Waveform file 'untitled.awc' connected to 'D:/Tareas/Otoño 25/Sistemas Embebidos/Practica2/Practica2Active/contador_con_div/contador_con_div/src/wave.asdb'.
run
# KERNEL: Iniciando simulación...
endsim
# KERNEL: stopped at time: 18335240 ns
# VSIM: Simulation has finished.
asim -O5 +access +r +m+tb_contador_con_divisor tb_contador_con_divisor
# ELBREAD: Elaboration process.
# ELBREAD: Warning: ELBREAD_0049 The "contador_con_divisor" design unit does not have a time unit/precision defined but other design units do.
# ELBREAD: Warning: ELBREAD_0049 The "freq_div" design unit does not have a time unit/precision defined but other design units do.
# ELBREAD: Warning: ELBREAD_0049 The "contador_ascendente" design unit does not have a time unit/precision defined but other design units do.
# ELBREAD: Elaboration time 0.0 [s].
# VSIM: Stack memory: 32MB
# VSIM: Retval memory: 32MB
# 
# KERNEL: Main thread initiated.
# KERNEL: Kernel process initialization phase.
# ELAB2: Elaboration final pass...
# ELAB2: Create instances ...
# KERNEL: Time resolution set to 1ps.
# ELAB2: Create instances complete.
# SLP: Started
# SLP: Finished. Using existing simulator library
# SLP: 0 primitives and 4 (100.00%) other processes in SLP
# SLP: 17 (100.00%) signals in SLP and 0 interface signals
# ELAB2: Elaboration final pass complete - time: 0.0 [s].
# KERNEL: SLP loading done - time: 0.0 [s].
# KERNEL: Warning: You are using the Active-HDL Student Edition. The performance of simulation is running at a reduced rate.
# KERNEL: Warning: Contact Aldec for available upgrade options - sales@aldec.com.
# KERNEL: SLP simulation initialization done - time: 0.0 [s].
# KERNEL: Kernel process initialization done.
# Allocation: Simulator allocated 4667 kB (elbread=427 elab2=4106 kernel=134 sdf=0)
# KERNEL: ASDB file was created in location D:\Tareas\Otoño 25\Sistemas Embebidos\Practica2\Practica2Active\contador_con_div\contador_con_div\src\wave.asdb
#  08:48 a. m., jueves, 11 de septiembre de 2025
#  Simulation has been initialized
# Waveform file 'untitled.awc' connected to 'D:/Tareas/Otoño 25/Sistemas Embebidos/Practica2/Practica2Active/contador_con_div/contador_con_div/src/wave.asdb'.
run
# KERNEL: Iniciando simulación...
endsim
# KERNEL: stopped at time: 60077640 ns
# VSIM: Simulation has finished.
alog -O2 -sve -msg 5 -sv2k17 -work contador_con_div $dsn/src/tb_contador.v
# Unit top modules: tb_contador_con_divisor.
# Compile success 0 Errors 0 Warnings  Analysis time: 0[s].
# done
asim -O5 +access +r +m+tb_contador_con_divisor tb_contador_con_divisor
# ELBREAD: Elaboration process.
# ELBREAD: Warning: ELBREAD_0049 The "contador_con_divisor" design unit does not have a time unit/precision defined but other design units do.
# ELBREAD: Warning: ELBREAD_0049 The "freq_div" design unit does not have a time unit/precision defined but other design units do.
# ELBREAD: Warning: ELBREAD_0049 The "contador_ascendente" design unit does not have a time unit/precision defined but other design units do.
# ELBREAD: Elaboration time 0.0 [s].
# VSIM: Stack memory: 32MB
# VSIM: Retval memory: 32MB
# 
# KERNEL: Main thread initiated.
# KERNEL: Kernel process initialization phase.
# ELAB2: Elaboration final pass...
# ELAB2: Create instances ...
# KERNEL: Time resolution set to 1ps.
# ELAB2: Create instances complete.
# SLP: Started
# SLP: Elaboration phase ...
# SLP: Elaboration phase ... done : 0.1 [s]
# SLP: Generation phase ...
# SLP: Generation phase ... done : 0.4 [s]
# SLP: Finished : 0.5 [s]
# SLP: 0 primitives and 4 (100.00%) other processes in SLP
# SLP: 17 (100.00%) signals in SLP and 0 interface signals
# ELAB2: Elaboration final pass complete - time: 0.5 [s].
# KERNEL: SLP loading done - time: 0.0 [s].
# KERNEL: Warning: You are using the Active-HDL Student Edition. The performance of simulation is running at a reduced rate.
# KERNEL: Warning: Contact Aldec for available upgrade options - sales@aldec.com.
# KERNEL: SLP simulation initialization done - time: 0.0 [s].
# KERNEL: Kernel process initialization done.
# Allocation: Simulator allocated 4667 kB (elbread=427 elab2=4106 kernel=134 sdf=0)
# KERNEL: ASDB file was created in location D:\Tareas\Otoño 25\Sistemas Embebidos\Practica2\Practica2Active\contador_con_div\contador_con_div\src\wave.asdb
#  08:50 a. m., jueves, 11 de septiembre de 2025
#  Simulation has been initialized
# VSIM: 4 object(s) traced.
# Waveform file 'untitled.awc' connected to 'D:/Tareas/Otoño 25/Sistemas Embebidos/Practica2/Practica2Active/contador_con_div/contador_con_div/src/wave.asdb'.
run
# KERNEL: Iniciando simulación...
endsim
# KERNEL: stopped at time: 6463161 ns
# VSIM: Simulation has finished.
alog -O2 -sve -msg 5 -sv2k17 -work contador_con_div $dsn/src/tb_contador.v
# Unit top modules: tb_contador_con_divisor.
# Compile success 0 Errors 0 Warnings  Analysis time: 0[s].
# done
asim -O5 +access +r +m+tb_contador_con_divisor tb_contador_con_divisor
# ELBREAD: Elaboration process.
# ELBREAD: Elaboration time 0.0 [s].
# VSIM: Stack memory: 32MB
# VSIM: Retval memory: 32MB
# 
# KERNEL: Main thread initiated.
# KERNEL: Kernel process initialization phase.
# ELAB2: Elaboration final pass...
# ELAB2: Create instances ...
# KERNEL: Time resolution set to 1ps.
# ELAB2: Create instances complete.
# SLP: Started
# SLP: Elaboration phase ...
# SLP: Elaboration phase ... done : 0.0 [s]
# SLP: Generation phase ...
# SLP: Generation phase ... done : 0.4 [s]
# SLP: Finished : 0.5 [s]
# SLP: 0 primitives and 4 (100.00%) other processes in SLP
# SLP: 17 (100.00%) signals in SLP and 0 interface signals
# ELAB2: Elaboration final pass complete - time: 0.5 [s].
# KERNEL: SLP loading done - time: 0.0 [s].
# KERNEL: Warning: You are using the Active-HDL Student Edition. The performance of simulation is running at a reduced rate.
# KERNEL: Warning: Contact Aldec for available upgrade options - sales@aldec.com.
# KERNEL: SLP simulation initialization done - time: 0.0 [s].
# KERNEL: Kernel process initialization done.
# Allocation: Simulator allocated 4667 kB (elbread=427 elab2=4106 kernel=134 sdf=0)
# KERNEL: ASDB file was created in location D:\Tareas\Otoño 25\Sistemas Embebidos\Practica2\Practica2Active\contador_con_div\contador_con_div\src\wave.asdb
#  08:52 a. m., jueves, 11 de septiembre de 2025
#  Simulation has been initialized
# Waveform file 'untitled.awc' connected to 'D:/Tareas/Otoño 25/Sistemas Embebidos/Practica2/Practica2Active/contador_con_div/contador_con_div/src/wave.asdb'.
run
# KERNEL: Iniciando simulación...
endsim
# KERNEL: stopped at time: 12221902 ps
# VSIM: Simulation has finished.
asim -O5 +access +r +m+tb_contador_con_divisor tb_contador_con_divisor
# ELBREAD: Elaboration process.
# ELBREAD: Elaboration time 0.0 [s].
# VSIM: Stack memory: 32MB
# VSIM: Retval memory: 32MB
# 
# KERNEL: Main thread initiated.
# KERNEL: Kernel process initialization phase.
# ELAB2: Elaboration final pass...
# ELAB2: Create instances ...
# KERNEL: Time resolution set to 1ps.
# ELAB2: Create instances complete.
# SLP: Started
# SLP: Finished. Using existing simulator library
# SLP: 0 primitives and 4 (100.00%) other processes in SLP
# SLP: 17 (100.00%) signals in SLP and 0 interface signals
# ELAB2: Elaboration final pass complete - time: 0.1 [s].
# KERNEL: SLP loading done - time: 0.0 [s].
# KERNEL: Warning: You are using the Active-HDL Student Edition. The performance of simulation is running at a reduced rate.
# KERNEL: Warning: Contact Aldec for available upgrade options - sales@aldec.com.
# KERNEL: SLP simulation initialization done - time: 0.0 [s].
# KERNEL: Kernel process initialization done.
# Allocation: Simulator allocated 4667 kB (elbread=427 elab2=4106 kernel=134 sdf=0)
# KERNEL: ASDB file was created in location D:\Tareas\Otoño 25\Sistemas Embebidos\Practica2\Practica2Active\contador_con_div\contador_con_div\src\wave.asdb
#  08:54 a. m., jueves, 11 de septiembre de 2025
#  Simulation has been initialized
# Waveform file 'untitled.awc' connected to 'D:/Tareas/Otoño 25/Sistemas Embebidos/Practica2/Practica2Active/contador_con_div/contador_con_div/src/wave.asdb'.
run
# KERNEL: Iniciando simulación...
endsim
# KERNEL: stopped at time: 51119759 ps
# VSIM: Simulation has finished.
alog -O2 -sve -msg 5 -sv2k17 -work contador_con_div $dsn/src/tb_contador.v
# Unit top modules: tb_contador_con_divisor.
# Compile success 0 Errors 0 Warnings  Analysis time: 0[s].
# done
alog -O2 -sve -msg 5 -sv2k17 -work contador_con_div $dsn/src/contador_con_div.v
# Compile success 0 Errors 0 Warnings  Analysis time: 0[s].
# done
alog -O2 -sve -msg 5 -sv2k17 -work contador_con_div $dsn/src/tb_contador.v
# Unit top modules: tb_contador_con_divisor.
# Compile success 0 Errors 0 Warnings  Analysis time: 0[s].
# done
asim -O5 +access +r +m+tb_contador_con_divisor tb_contador_con_divisor
# ELBREAD: Elaboration process.
# ELBREAD: Elaboration time 0.0 [s].
# VSIM: Stack memory: 32MB
# VSIM: Retval memory: 32MB
# 
# KERNEL: Main thread initiated.
# KERNEL: Kernel process initialization phase.
# ELAB2: Elaboration final pass...
# ELAB2: Create instances ...
# KERNEL: Time resolution set to 1ps.
# ELAB2: Create instances complete.
# SLP: Started
# SLP: Elaboration phase ...
# SLP: Elaboration phase ... done : 0.0 [s]
# SLP: Generation phase ...
# SLP: Generation phase ... done : 0.3 [s]
# SLP: Finished : 0.4 [s]
# SLP: 0 primitives and 4 (100.00%) other processes in SLP
# SLP: 17 (100.00%) signals in SLP and 0 interface signals
# ELAB2: Elaboration final pass complete - time: 0.4 [s].
# KERNEL: SLP loading done - time: 0.0 [s].
# KERNEL: Warning: You are using the Active-HDL Student Edition. The performance of simulation is running at a reduced rate.
# KERNEL: Warning: Contact Aldec for available upgrade options - sales@aldec.com.
# KERNEL: SLP simulation initialization done - time: 0.0 [s].
# KERNEL: Kernel process initialization done.
# Allocation: Simulator allocated 4667 kB (elbread=427 elab2=4106 kernel=134 sdf=0)
# KERNEL: ASDB file was created in location D:\Tareas\Otoño 25\Sistemas Embebidos\Practica2\Practica2Active\contador_con_div\contador_con_div\src\wave.asdb
#  09:04 a. m., jueves, 11 de septiembre de 2025
#  Simulation has been initialized
# VSIM: 4 object(s) traced.
# Waveform file 'untitled.awc' connected to 'D:/Tareas/Otoño 25/Sistemas Embebidos/Practica2/Practica2Active/contador_con_div/contador_con_div/src/wave.asdb'.
run
# KERNEL: Iniciando simulación...
endsim
# KERNEL: stopped at time: 1211781 ps
# VSIM: Simulation has finished.
alog -O2 -sve -msg 5 -sv2k17 -work contador_con_div $dsn/src/contador_con_div.v
# Error: VCP2000 contador_con_div.v : (8, 33): Syntax error. Unexpected token: 999[_UNSIGNED_NUMBER].
# Compile failure 1 Errors 0 Warnings  Analysis time: 0[s].
alog -O2 -sve -msg 5 -sv2k17 -work contador_con_div $dsn/src/contador_con_div.v
# Compile success 0 Errors 0 Warnings  Analysis time: 0[s].
# done
alog -O2 -sve -msg 5 -sv2k17 -work contador_con_div $dsn/src/contador_con_div.v
# Compile success 0 Errors 0 Warnings  Analysis time: 0[s].
# done
alog -O2 -sve -msg 5 -sv2k17 -work contador_con_div $dsn/src/contador_con_div.v
# Compile success 0 Errors 0 Warnings  Analysis time: 0[s].
# done
asim -O5 +access +r +m+tb_contador_con_divisor tb_contador_con_divisor
# ELBREAD: Elaboration process.
# ELBREAD: Elaboration time 0.0 [s].
# VSIM: Stack memory: 32MB
# VSIM: Retval memory: 32MB
# 
# KERNEL: Main thread initiated.
# KERNEL: Kernel process initialization phase.
# ELAB2: Elaboration final pass...
# ELAB2: Create instances ...
# KERNEL: Time resolution set to 1ps.
# ELAB2: Create instances complete.
# SLP: Started
# SLP: Elaboration phase ...
# SLP: Elaboration phase ... done : 0.0 [s]
# SLP: Generation phase ...
# SLP: Generation phase ... done : 0.3 [s]
# SLP: Finished : 0.4 [s]
# SLP: 0 primitives and 4 (100.00%) other processes in SLP
# SLP: 17 (100.00%) signals in SLP and 0 interface signals
# ELAB2: Elaboration final pass complete - time: 0.4 [s].
# KERNEL: SLP loading done - time: 0.0 [s].
# KERNEL: Warning: You are using the Active-HDL Student Edition. The performance of simulation is running at a reduced rate.
# KERNEL: Warning: Contact Aldec for available upgrade options - sales@aldec.com.
# KERNEL: SLP simulation initialization done - time: 0.0 [s].
# KERNEL: Kernel process initialization done.
# Allocation: Simulator allocated 4668 kB (elbread=427 elab2=4106 kernel=134 sdf=0)
# KERNEL: ASDB file was created in location D:\Tareas\Otoño 25\Sistemas Embebidos\Practica2\Practica2Active\contador_con_div\contador_con_div\src\wave.asdb
#  09:06 a. m., jueves, 11 de septiembre de 2025
#  Simulation has been initialized
# VSIM: 4 object(s) traced.
# Waveform file 'untitled.awc' connected to 'D:/Tareas/Otoño 25/Sistemas Embebidos/Practica2/Practica2Active/contador_con_div/contador_con_div/src/wave.asdb'.
run
# KERNEL: Iniciando simulación...
endsim
# KERNEL: stopped at time: 937208 ps
# VSIM: Simulation has finished.
asim -O5 +access +r +m+tb_contador_con_divisor tb_contador_con_divisor
# ELBREAD: Elaboration process.
# ELBREAD: Elaboration time 0.0 [s].
# VSIM: Stack memory: 32MB
# VSIM: Retval memory: 32MB
# 
# KERNEL: Main thread initiated.
# KERNEL: Kernel process initialization phase.
# ELAB2: Elaboration final pass...
# ELAB2: Create instances ...
# KERNEL: Time resolution set to 1ps.
# ELAB2: Create instances complete.
# SLP: Started
# SLP: Finished. Using existing simulator library
# SLP: 0 primitives and 4 (100.00%) other processes in SLP
# SLP: 17 (100.00%) signals in SLP and 0 interface signals
# ELAB2: Elaboration final pass complete - time: 0.0 [s].
# KERNEL: SLP loading done - time: 0.0 [s].
# KERNEL: Warning: You are using the Active-HDL Student Edition. The performance of simulation is running at a reduced rate.
# KERNEL: Warning: Contact Aldec for available upgrade options - sales@aldec.com.
# KERNEL: SLP simulation initialization done - time: 0.0 [s].
# KERNEL: Kernel process initialization done.
# Allocation: Simulator allocated 4668 kB (elbread=427 elab2=4106 kernel=134 sdf=0)
# KERNEL: ASDB file was created in location D:\Tareas\Otoño 25\Sistemas Embebidos\Practica2\Practica2Active\contador_con_div\contador_con_div\src\wave.asdb
#  09:07 a. m., jueves, 11 de septiembre de 2025
#  Simulation has been initialized
# Waveform file 'untitled.awc' connected to 'D:/Tareas/Otoño 25/Sistemas Embebidos/Practica2/Practica2Active/contador_con_div/contador_con_div/src/wave.asdb'.
run
# KERNEL: Iniciando simulación...
endsim
# KERNEL: stopped at time: 2136320 ps
# VSIM: Simulation has finished.
asim -O5 +access +r +m+tb_contador_con_divisor tb_contador_con_divisor
# ELBREAD: Elaboration process.
# ELBREAD: Elaboration time 0.0 [s].
# VSIM: Stack memory: 32MB
# VSIM: Retval memory: 32MB
# 
# KERNEL: Main thread initiated.
# KERNEL: Kernel process initialization phase.
# ELAB2: Elaboration final pass...
# ELAB2: Create instances ...
# KERNEL: Time resolution set to 1ps.
# ELAB2: Create instances complete.
# SLP: Started
# SLP: Finished. Using existing simulator library
# SLP: 0 primitives and 4 (100.00%) other processes in SLP
# SLP: 17 (100.00%) signals in SLP and 0 interface signals
# ELAB2: Elaboration final pass complete - time: 0.1 [s].
# KERNEL: SLP loading done - time: 0.0 [s].
# KERNEL: Warning: You are using the Active-HDL Student Edition. The performance of simulation is running at a reduced rate.
# KERNEL: Warning: Contact Aldec for available upgrade options - sales@aldec.com.
# KERNEL: SLP simulation initialization done - time: 0.0 [s].
# KERNEL: Kernel process initialization done.
# Allocation: Simulator allocated 4668 kB (elbread=427 elab2=4106 kernel=134 sdf=0)
# KERNEL: ASDB file was created in location D:\Tareas\Otoño 25\Sistemas Embebidos\Practica2\Practica2Active\contador_con_div\contador_con_div\src\wave.asdb
#  09:07 a. m., jueves, 11 de septiembre de 2025
#  Simulation has been initialized
# Waveform file 'untitled.awc' connected to 'D:/Tareas/Otoño 25/Sistemas Embebidos/Practica2/Practica2Active/contador_con_div/contador_con_div/src/wave.asdb'.
run
# KERNEL: Iniciando simulación...
endsim
# KERNEL: stopped at time: 5423045 ps
# VSIM: Simulation has finished.
alog -O2 -sve -msg 5 -sv2k17 -work contador_con_div $dsn/src/contador_con_div.v
# Compile success 0 Errors 0 Warnings  Analysis time: 0[s].
# done
