# ELBREAD: Elaboration process.
# ELBREAD: Warning: ELBREAD_0049 The "four_bit_adder" design unit does not have a time unit/precision defined but other design units do.
# ELBREAD: Warning: ELBREAD_0049 The "half_adder" design unit does not have a time unit/precision defined but other design units do.
# ELBREAD: Warning: ELBREAD_0049 The "full_adder" design unit does not have a time unit/precision defined but other design units do.
# ELBREAD: Elaboration time 0.0 [s].
# ELBREAD: Elaboration process.
# ELBREAD: Warning: ELBREAD_0049 The "half_adder" design unit does not have a time unit/precision defined but other design units do.
# ELBREAD: Elaboration time 0.0 [s].
asim -O5 +access +r +m+tb_half_adder tb_half_adder
# ELBREAD: Elaboration process.
# ELBREAD: Warning: ELBREAD_0049 The "half_adder" design unit does not have a time unit/precision defined but other design units do.
# ELBREAD: Elaboration time 0.0 [s].
# VSIM: Stack memory: 32MB
# VSIM: Retval memory: 32MB
# 
alog -O2 -sve -msg 5 -sv2k17 -work Practica1 $dsn/src/four_bit_adder.v $dsn/src/testbench.v
# Unit top modules: tb_half_adder tb_full_adder tb_four_bit_adder.
# Compile success 0 Errors 0 Warnings  Analysis time: 0[s].
# done
# ELBREAD: Elaboration process.
# ELBREAD: Warning: ELBREAD_0049 The "half_adder" design unit does not have a time unit/precision defined but other design units do.
# ELBREAD: Elaboration time 0.0 [s].
# KERNEL: Main thread initiated.
# KERNEL: Kernel process initialization phase.
# ELAB2: Elaboration final pass...
# ELAB2: Create instances ...
# KERNEL: Time resolution set to 1ps.
# ELAB2: Create instances complete.
# SLP: Started
# SLP: Elaboration phase ...
# SLP: Elaboration phase ... done : 0.0 [s]
# SLP: Generation phase ...
# SLP: Generation phase ... done : 0.4 [s]
# SLP: Finished : 0.5 [s]
# SLP: 0 primitives and 2 (100.00%) other processes in SLP
# SLP: 8 (100.00%) signals in SLP and 0 interface signals
# ELAB2: Elaboration final pass complete - time: 0.5 [s].
# KERNEL: SLP loading done - time: 0.0 [s].
# KERNEL: Warning: You are using the Active-HDL Student Edition. The performance of simulation is running at a reduced rate.
# KERNEL: Warning: Contact Aldec for available upgrade options - sales@aldec.com.
# KERNEL: SLP simulation initialization done - time: 0.0 [s].
# KERNEL: Kernel process initialization done.
# Allocation: Simulator allocated 4667 kB (elbread=427 elab2=4105 kernel=134 sdf=0)
# KERNEL: ASDB file was created in location D:\Tareas\Otoño 25\Sistemas Embebidos\Practica1\Practica1\src\wave.asdb
#  12:03 a. m., lunes, 8 de septiembre de 2025
#  Simulation has been initialized
# VSIM: 4 object(s) traced.
# Waveform file 'untitled.awc' connected to 'D:/Tareas/Otoño 25/Sistemas Embebidos/Practica1/Practica1/src/wave.asdb'.
run
# KERNEL: A B | SUM CARRY
# KERNEL: --------------
# KERNEL: 0 0 |  0    0
# KERNEL: 0 1 |  1    0
# KERNEL: 1 0 |  1    0
# KERNEL: 1 1 |  0    1
# RUNTIME: Info: RUNTIME_0068 testbench.v (34): $finish called.
# KERNEL: Time: 40 ns,  Iteration: 0,  Instance: /tb_half_adder,  Process: @INITIAL#17_0@.
# KERNEL: stopped at time: 40 ns
# VSIM: Simulation has finished. There are no more test vectors to simulate.
endsim
# VSIM: Simulation has finished.
# ELBREAD: Elaboration process.
# ELBREAD: Warning: ELBREAD_0049 The "full_adder" design unit does not have a time unit/precision defined but other design units do.
# ELBREAD: Warning: ELBREAD_0049 The "half_adder" design unit does not have a time unit/precision defined but other design units do.
# ELBREAD: Elaboration time 0.0 [s].
asim -O5 +access +r +m+tb_full_adder tb_full_adder
# ELBREAD: Elaboration process.
# ELBREAD: Warning: ELBREAD_0049 The "full_adder" design unit does not have a time unit/precision defined but other design units do.
# ELBREAD: Warning: ELBREAD_0049 The "half_adder" design unit does not have a time unit/precision defined but other design units do.
# ELBREAD: Elaboration time 0.0 [s].
# VSIM: Stack memory: 32MB
# VSIM: Retval memory: 32MB
# 
# KERNEL: Main thread initiated.
# KERNEL: Kernel process initialization phase.
# ELAB2: Elaboration final pass...
# ELAB2: Create instances ...
# KERNEL: Time resolution set to 1ps.
# ELAB2: Create instances complete.
# SLP: Started
# SLP: Elaboration phase ...
# SLP: Elaboration phase ... done : 0.0 [s]
# SLP: Generation phase ...
# SLP: Generation phase ... done : 0.4 [s]
# SLP: Finished : 0.5 [s]
# SLP: 0 primitives and 4 (100.00%) other processes in SLP
# SLP: 21 (100.00%) signals in SLP and 0 interface signals
# ELAB2: Elaboration final pass complete - time: 0.5 [s].
# KERNEL: SLP loading done - time: 0.0 [s].
# KERNEL: Warning: You are using the Active-HDL Student Edition. The performance of simulation is running at a reduced rate.
# KERNEL: Warning: Contact Aldec for available upgrade options - sales@aldec.com.
# KERNEL: SLP simulation initialization done - time: 0.0 [s].
# KERNEL: Kernel process initialization done.
# Allocation: Simulator allocated 4670 kB (elbread=427 elab2=4109 kernel=134 sdf=0)
# KERNEL: ASDB file was created in location D:\Tareas\Otoño 25\Sistemas Embebidos\Practica1\Practica1\src\wave.asdb
#  12:16 a. m., lunes, 8 de septiembre de 2025
#  Simulation has been initialized
# Waveform file 'untitled.awc' connected to 'D:/Tareas/Otoño 25/Sistemas Embebidos/Practica1/Practica1/src/wave.asdb'.
# Warning: WAVEFORM: Object matching /tb_half_adder/A not found in D:/Tareas/Otoño 25/Sistemas Embebidos/Practica1/Practica1/src/wave.asdb.
# Warning: WAVEFORM: Object matching /tb_half_adder/B not found in D:/Tareas/Otoño 25/Sistemas Embebidos/Practica1/Practica1/src/wave.asdb.
# Warning: WAVEFORM: Object matching /tb_half_adder/SUM not found in D:/Tareas/Otoño 25/Sistemas Embebidos/Practica1/Practica1/src/wave.asdb.
# Warning: WAVEFORM: Object matching /tb_half_adder/CARRY not found in D:/Tareas/Otoño 25/Sistemas Embebidos/Practica1/Practica1/src/wave.asdb.
# VSIM: 5 object(s) traced.
run
# KERNEL: A B Cin | SUM Cout
# KERNEL: ------------------
# KERNEL: 0 0  0  |  0   0
# KERNEL: 0 0  1  |  1   0
# KERNEL: 0 1  0  |  1   0
# KERNEL: 0 1  1  |  0   1
# KERNEL: 1 0  0  |  1   0
# KERNEL: 1 0  1  |  0   1
# KERNEL: 1 1  0  |  0   1
# KERNEL: 1 1  1  |  1   1
# RUNTIME: Info: RUNTIME_0068 testbench.v (83): $finish called.
# KERNEL: Time: 80 ns,  Iteration: 0,  Instance: /tb_full_adder,  Process: @INITIAL#54_0@.
# KERNEL: stopped at time: 80 ns
# VSIM: Simulation has finished. There are no more test vectors to simulate.
