# Design: Design polinomialAprox already active.
# DESIGN: Default Design Language: VERILOG
# DESIGN: Default BDE Language: VERILOG
# DESIGN: Flow Manager: Not Defined
alog -O2 -sve -msg 5 -sv2k17 -work polinomialAprox $dsn/src/scm_0_1666.v
# Unit top modules: scm_0_1666.
# Compile success 0 Errors 0 Warnings  Analysis time: 0[s].
# done
alog -O2 -sve -msg 5 -sv2k17 -work polinomialAprox $dsn/src/scm_0_5.v
# Unit top modules: scm_0_5.
# Compile success 0 Errors 0 Warnings  Analysis time: 0[s].
# done
# ELBREAD: Elaboration process.
# ELBREAD: Elaboration time 0.0 [s].
# ELBREAD: Elaboration process.
# ELBREAD: Elaboration time 0.0 [s].
asim -O2 +access +r +m+scm_0_1666 scm_0_1666
# ELBREAD: Elaboration process.
# ELBREAD: Elaboration time 0.0 [s].
# VSIM: Stack memory: 32MB
# VSIM: Retval memory: 32MB
# 
# KERNEL: Main thread initiated.
# KERNEL: Kernel process initialization phase.
# ELAB2: Elaboration final pass...
# ELAB2: Create instances ...
# KERNEL: Time resolution set to 1ps.
# ELAB2: Create instances complete.
# ELAB2: Elaboration final pass complete - time: 0.0 [s].
# KERNEL: Warning: You are using the Active-HDL Student Edition. The performance of simulation is running at a reduced rate.
# KERNEL: Warning: Contact Aldec for available upgrade options - sales@aldec.com.
# KERNEL: Kernel process initialization done.
# Allocation: Simulator allocated 6525 kB (elbread=427 elab2=5963 kernel=134 sdf=0)
# KERNEL: ASDB file was created in location d:\Tareas\Otoño 25\Sistemas Embebidos\labs\polinomialAprox\polinomialAprox\src\wave.asdb
#  12:38 p. m., lunes, 29 de septiembre de 2025
#  Simulation has been initialized
# VSIM: 15 object(s) traced.
# Waveform file 'untitled.awc' connected to 'd:/Tareas/Otoño 25/Sistemas Embebidos/labs/polinomialAprox/polinomialAprox/src/wave.asdb'.
run 100 ns
# KERNEL: stopped at time: 100 ns
# KERNEL: Simulation has finished. There are no more test vectors to simulate.
run 100 ns
# KERNEL: stopped at time: 200 ns
# KERNEL: Simulation has finished. There are no more test vectors to simulate.
endsim
# VSIM: Simulation has finished.
alog -O2 -sve -msg 5 -sv2k17 -work polinomialAprox $dsn/src/scm_0_0416.v
# Unit top modules: multiplier_block.
# Compile success 0 Errors 0 Warnings  Analysis time: 0[s].
# done
# ELBREAD: Elaboration process.
# ELBREAD: Elaboration time 0.0 [s].
alog -O2 -sve -msg 5 -sv2k17 -work polinomialAprox $dsn/src/scm_0_0416.v
# Unit top modules: scm_0_0416.
# Compile success 0 Errors 0 Warnings  Analysis time: 0[s].
# done
# ELBREAD: Elaboration process.
# ELBREAD: Elaboration time 0.0 [s].
asim -O2 +access +r +m+scm_0_0416 scm_0_0416
# ELBREAD: Elaboration process.
# ELBREAD: Elaboration time 0.0 [s].
# VSIM: Stack memory: 32MB
# VSIM: Retval memory: 32MB
# 
# KERNEL: Main thread initiated.
# KERNEL: Kernel process initialization phase.
# ELAB2: Elaboration final pass...
# ELAB2: Create instances ...
# KERNEL: Time resolution set to 1ps.
# ELAB2: Create instances complete.
# ELAB2: Elaboration final pass complete - time: 0.0 [s].
# KERNEL: Warning: You are using the Active-HDL Student Edition. The performance of simulation is running at a reduced rate.
# KERNEL: Warning: Contact Aldec for available upgrade options - sales@aldec.com.
# KERNEL: Kernel process initialization done.
# Allocation: Simulator allocated 6525 kB (elbread=427 elab2=5963 kernel=134 sdf=0)
# KERNEL: ASDB file was created in location d:\Tareas\Otoño 25\Sistemas Embebidos\labs\polinomialAprox\polinomialAprox\src\wave.asdb
# Stimuli: Warning: The stimuli set "StimuliSet1" has been made inactive.
#  12:42 p. m., lunes, 29 de septiembre de 2025
#  Simulation has been initialized
# VSIM: 16 object(s) traced.
# Waveform file 'untitled.awc' connected to 'd:/Tareas/Otoño 25/Sistemas Embebidos/labs/polinomialAprox/polinomialAprox/src/wave.asdb'.
# KERNEL: Error: KERNEL_0066 Value (  does not belong to type wire.
# VSIM: Error: Cannot force signal "/scm_0_0416/X" with formula "module multiplier_block (".
run 100 ns
# KERNEL: stopped at time: 100 ns
# KERNEL: Simulation has finished. There are no more test vectors to simulate.
alog -O2 -sve -msg 5 -sv2k17 -work polinomialAprox $dsn/src/adder2_comb.v
# Unit top modules: adder2_comb.
# Compile success 0 Errors 0 Warnings  Analysis time: 0[s].
# done
alog -O2 -sve -msg 5 -sv2k17 -work polinomialAprox $dsn/src/multiplier2.v
# Unit top modules: multiplier2.
# Compile success 0 Errors 0 Warnings  Analysis time: 0[s].
# done
alog -O2 -sve -msg 5 -sv2k17 -work polinomialAprox $dsn/src/aproximador_polinomial.v
# Warning: VCP2515 aproximador_polinomial.v : (15, 42): Undefined module: scm_0_0166 was used. Port connection rules will not be checked at such instantiations.
# Warning: VCP2590 aproximador_polinomial.v : (10, 1): Undefined port out in module adder2_comb.
# Warning: VCP2597 aproximador_polinomial.v : (10, 1): Some unconnected ports remain at instance: adder1. Module adder2_comb has unconnected  port(s) : clk, rst, out1.
# Warning: VCP2590 aproximador_polinomial.v : (11, 1): Undefined port out in module multiplier2.
# Warning: VCP2597 aproximador_polinomial.v : (13, 1): Some unconnected ports remain at instance: adder2. Module adder2_comb has unconnected  port(s) : clk, rst.
# Warning: VCP2590 aproximador_polinomial.v : (14, 1): Undefined port out in module multiplier2.
# Warning: VCP2597 aproximador_polinomial.v : (16, 1): Some unconnected ports remain at instance: adder3. Module adder2_comb has unconnected  port(s) : clk, rst.
# Warning: VCP2590 aproximador_polinomial.v : (17, 1): Undefined port out in module multiplier2.
# Warning: VCP2597 aproximador_polinomial.v : (19, 1): Some unconnected ports remain at instance: adder4. Module adder2_comb has unconnected  port(s) : clk, rst.
# Unit top modules: aproximador_polinomial.
# Compile success 0 Errors 9 Warnings  Analysis time: 1[s].
# done
alog -O2 -sve -msg 5 -sv2k17 -work polinomialAprox $dsn/src/aproximador_polinomial.v
# Warning: VCP2515 aproximador_polinomial.v : (11, 63): Undefined module: multiplier2_comb was used. Port connection rules will not be checked at such instantiations.
# Warning: VCP2515 aproximador_polinomial.v : (15, 42): Undefined module: scm_0_0166 was used. Port connection rules will not be checked at such instantiations.
# Warning: VCP2590 aproximador_polinomial.v : (10, 1): Undefined port out in module adder2_comb.
# Warning: VCP2597 aproximador_polinomial.v : (10, 1): Some unconnected ports remain at instance: adder1. Module adder2_comb has unconnected  port(s) : clk, rst, out1.
# Warning: VCP2597 aproximador_polinomial.v : (13, 1): Some unconnected ports remain at instance: adder2. Module adder2_comb has unconnected  port(s) : clk, rst.
# Warning: VCP2597 aproximador_polinomial.v : (16, 1): Some unconnected ports remain at instance: adder3. Module adder2_comb has unconnected  port(s) : clk, rst.
# Warning: VCP2597 aproximador_polinomial.v : (19, 1): Some unconnected ports remain at instance: adder4. Module adder2_comb has unconnected  port(s) : clk, rst.
# Unit top modules: aproximador_polinomial.
# Compile success 0 Errors 7 Warnings  Analysis time: 0[s].
# done
alog -O2 -sve -msg 5 -sv2k17 -work polinomialAprox $dsn/src/aproximador_polinomial.v
# Warning: VCP2515 aproximador_polinomial.v : (15, 42): Undefined module: scm_0_0166 was used. Port connection rules will not be checked at such instantiations.
# Warning: VCP2590 aproximador_polinomial.v : (10, 1): Undefined port out in module adder2_comb.
# Warning: VCP2597 aproximador_polinomial.v : (10, 1): Some unconnected ports remain at instance: adder1. Module adder2_comb has unconnected  port(s) : clk, rst, out1.
# Warning: VCP2590 aproximador_polinomial.v : (11, 1): Undefined port out in module multiplier2.
# Warning: VCP2597 aproximador_polinomial.v : (13, 1): Some unconnected ports remain at instance: adder2. Module adder2_comb has unconnected  port(s) : clk, rst.
# Warning: VCP2590 aproximador_polinomial.v : (14, 1): Undefined port out in module multiplier2.
# Warning: VCP2597 aproximador_polinomial.v : (16, 1): Some unconnected ports remain at instance: adder3. Module adder2_comb has unconnected  port(s) : clk, rst.
# Warning: VCP2590 aproximador_polinomial.v : (17, 1): Undefined port out in module multiplier2.
# Warning: VCP2597 aproximador_polinomial.v : (19, 1): Some unconnected ports remain at instance: adder4. Module adder2_comb has unconnected  port(s) : clk, rst.
# Unit top modules: aproximador_polinomial.
# Compile success 0 Errors 9 Warnings  Analysis time: 0[s].
# done
alog -O2 -sve -msg 5 -sv2k17 -work polinomialAprox $dsn/src/multiplier2.v
# Info: VCP2876 multiplier2.v : (10, 18): Implicit net declaration, symbol out1 has not been declared in module multiplier2.
# Compile success 0 Errors 0 Warnings  Analysis time: 0[s].
# done
alog -O2 -sve -msg 5 -sv2k17 -work polinomialAprox $dsn/src/aproximador_polinomial.v
# Warning: VCP2515 aproximador_polinomial.v : (15, 42): Undefined module: scm_0_0166 was used. Port connection rules will not be checked at such instantiations.
# Warning: VCP2590 aproximador_polinomial.v : (10, 1): Undefined port out in module adder2_comb.
# Warning: VCP2597 aproximador_polinomial.v : (10, 1): Some unconnected ports remain at instance: adder1. Module adder2_comb has unconnected  port(s) : clk, rst, out1.
# Warning: VCP2597 aproximador_polinomial.v : (13, 1): Some unconnected ports remain at instance: adder2. Module adder2_comb has unconnected  port(s) : clk, rst.
# Warning: VCP2597 aproximador_polinomial.v : (16, 1): Some unconnected ports remain at instance: adder3. Module adder2_comb has unconnected  port(s) : clk, rst.
# Warning: VCP2597 aproximador_polinomial.v : (19, 1): Some unconnected ports remain at instance: adder4. Module adder2_comb has unconnected  port(s) : clk, rst.
# Unit top modules: aproximador_polinomial.
# Compile success 0 Errors 6 Warnings  Analysis time: 0[s].
# done
alog -O2 -sve -msg 5 -sv2k17 -work polinomialAprox $dsn/src/aproximador_polinomial.v
# Warning: VCP2515 aproximador_polinomial.v : (15, 43): Undefined module: scm_0_01666 was used. Port connection rules will not be checked at such instantiations.
# Warning: VCP2590 aproximador_polinomial.v : (10, 1): Undefined port out in module adder2_comb.
# Warning: VCP2597 aproximador_polinomial.v : (10, 1): Some unconnected ports remain at instance: adder1. Module adder2_comb has unconnected  port(s) : clk, rst, out1.
# Warning: VCP2597 aproximador_polinomial.v : (13, 1): Some unconnected ports remain at instance: adder2. Module adder2_comb has unconnected  port(s) : clk, rst.
# Warning: VCP2597 aproximador_polinomial.v : (16, 1): Some unconnected ports remain at instance: adder3. Module adder2_comb has unconnected  port(s) : clk, rst.
# Warning: VCP2597 aproximador_polinomial.v : (19, 1): Some unconnected ports remain at instance: adder4. Module adder2_comb has unconnected  port(s) : clk, rst.
# Unit top modules: aproximador_polinomial.
# Compile success 0 Errors 6 Warnings  Analysis time: 0[s].
# done
alog -O2 -sve -msg 5 -sv2k17 -work polinomialAprox $dsn/src/aproximador_polinomial.v
# Warning: VCP2590 aproximador_polinomial.v : (10, 1): Undefined port out in module adder2_comb.
# Warning: VCP2597 aproximador_polinomial.v : (10, 1): Some unconnected ports remain at instance: adder1. Module adder2_comb has unconnected  port(s) : clk, rst, out1.
# Warning: VCP2597 aproximador_polinomial.v : (13, 1): Some unconnected ports remain at instance: adder2. Module adder2_comb has unconnected  port(s) : clk, rst.
# Warning: VCP2597 aproximador_polinomial.v : (16, 1): Some unconnected ports remain at instance: adder3. Module adder2_comb has unconnected  port(s) : clk, rst.
# Warning: VCP2597 aproximador_polinomial.v : (19, 1): Some unconnected ports remain at instance: adder4. Module adder2_comb has unconnected  port(s) : clk, rst.
# Unit top modules: aproximador_polinomial.
# Compile success 0 Errors 5 Warnings  Analysis time: 0[s].
# done
alog -O2 -sve -msg 5 -sv2k17 -work polinomialAprox $dsn/src/adder2_comb.v
# Compile success 0 Errors 0 Warnings  Analysis time: 0[s].
# done
alog -O2 -sve -msg 5 -sv2k17 -work polinomialAprox $dsn/src/aproximador_polinomial.v
# Warning: VCP2590 aproximador_polinomial.v : (13, 1): Undefined port out1 in module adder2_comb.
# Warning: VCP2590 aproximador_polinomial.v : (16, 1): Undefined port out1 in module adder2_comb.
# Warning: VCP2590 aproximador_polinomial.v : (19, 1): Undefined port out1 in module adder2_comb.
# Unit top modules: aproximador_polinomial.
# Compile success 0 Errors 3 Warnings  Analysis time: 0[s].
# done
alog -O2 -sve -msg 5 -sv2k17 -work polinomialAprox $dsn/src/adder2_comb.v
# Info: VCP2876 adder2_comb.v : (7, 17): Implicit net declaration, symbol out has not been declared in module adder2_comb.
# Compile success 0 Errors 0 Warnings  Analysis time: 0[s].
# done
alog -O2 -sve -msg 5 -sv2k17 -work polinomialAprox $dsn/src/aproximador_polinomial.v
# Warning: VCP2590 aproximador_polinomial.v : (10, 1): Undefined port out in module adder2_comb.
# Unit top modules: aproximador_polinomial.
# Compile success 0 Errors 1 Warnings  Analysis time: 0[s].
# done
alog -O2 -sve -msg 5 -sv2k17 -work polinomialAprox $dsn/src/multiplier2.v
# Compile success 0 Errors 0 Warnings  Analysis time: 0[s].
# done
alog -O2 -sve -msg 5 -sv2k17 -work polinomialAprox $dsn/src/aproximador_polinomial.v
# Warning: VCP2590 aproximador_polinomial.v : (10, 1): Undefined port out in module adder2_comb.
# Warning: VCP2590 aproximador_polinomial.v : (11, 1): Undefined port out in module multiplier2.
# Warning: VCP2590 aproximador_polinomial.v : (13, 1): Undefined port out in module adder2_comb.
# Warning: VCP2590 aproximador_polinomial.v : (14, 1): Undefined port out in module multiplier2.
# Warning: VCP2590 aproximador_polinomial.v : (16, 1): Undefined port out in module adder2_comb.
# Warning: VCP2590 aproximador_polinomial.v : (17, 1): Undefined port out in module multiplier2.
# Warning: VCP2590 aproximador_polinomial.v : (19, 1): Undefined port out in module adder2_comb.
# Unit top modules: aproximador_polinomial.
# Compile success 0 Errors 7 Warnings  Analysis time: 0[s].
# done
alog -O2 -sve -msg 5 -sv2k17 -work polinomialAprox $dsn/src/adder2_comb.v
# Compile success 0 Errors 0 Warnings  Analysis time: 0[s].
# done
alog -O2 -sve -msg 5 -sv2k17 -work polinomialAprox $dsn/src/multiplier2.v
# Info: VCP2876 multiplier2.v : (10, 18): Implicit net declaration, symbol out1 has not been declared in module multiplier2.
# Compile success 0 Errors 0 Warnings  Analysis time: 0[s].
# done
alog -O2 -sve -msg 5 -sv2k17 -work polinomialAprox $dsn/src/aproximador_polinomial.v
# Unit top modules: aproximador_polinomial.
# Compile success 0 Errors 0 Warnings  Analysis time: 0[s].
# done
endsim
# VSIM: Simulation has finished.
# ELBREAD: Elaboration process.
# ELBREAD: Elaboration time 0.0 [s].
asim -O2 +access +r +m+aproximador_polinomial aproximador_polinomial
# ELBREAD: Elaboration process.
# ELBREAD: Elaboration time 0.0 [s].
# VSIM: Stack memory: 32MB
# VSIM: Retval memory: 32MB
# 
# KERNEL: Main thread initiated.
# KERNEL: Kernel process initialization phase.
# ELAB2: Elaboration final pass...
# ELAB2: Create instances ...
# KERNEL: Time resolution set to 1ps.
# ELAB2: Warning: ELAB2_0051 aproximador_polinomial.v (11): Length of connection (32) does not match the length of port "out" (31) on instance "/aproximador_polinomial/mult1".
# ELAB2: Warning: ELAB2_0051 aproximador_polinomial.v (14): Length of connection (32) does not match the length of port "out" (31) on instance "/aproximador_polinomial/mult2".
# ELAB2: Warning: ELAB2_0051 aproximador_polinomial.v (17): Length of connection (32) does not match the length of port "out" (31) on instance "/aproximador_polinomial/mult3".
# ELAB2: Create instances complete.
# ELAB2: Elaboration final pass complete - time: 0.0 [s].
# KERNEL: Warning: You are using the Active-HDL Student Edition. The performance of simulation is running at a reduced rate.
# KERNEL: Warning: Contact Aldec for available upgrade options - sales@aldec.com.
# KERNEL: Kernel process initialization done.
# Allocation: Simulator allocated 6556 kB (elbread=427 elab2=5991 kernel=137 sdf=0)
# KERNEL: ASDB file was created in location d:\Tareas\Otoño 25\Sistemas Embebidos\labs\polinomialAprox\polinomialAprox\src\wave.asdb
# Stimuli: Warning: The stimuli set "StimuliSet2" has been made inactive.
#  01:10 p. m., lunes, 29 de septiembre de 2025
#  Simulation has been initialized
# VSIM: 11 object(s) traced.
# Waveform file 'untitled.awc' connected to 'd:/Tareas/Otoño 25/Sistemas Embebidos/labs/polinomialAprox/polinomialAprox/src/wave.asdb'.
run 100 ns
# KERNEL: stopped at time: 100 ns
# KERNEL: Simulation has finished. There are no more test vectors to simulate.
run 1000 ns
# KERNEL: stopped at time: 1100 ns
# KERNEL: Simulation has finished. There are no more test vectors to simulate.
run
# KERNEL: Simulation has finished. There are no more test vectors to simulate.
endsim
# VSIM: Simulation has finished.
asim -O2 +access +r +m+aproximador_polinomial aproximador_polinomial
# ELBREAD: Elaboration process.
# ELBREAD: Elaboration time 0.0 [s].
# VSIM: Stack memory: 32MB
# VSIM: Retval memory: 32MB
# 
# KERNEL: Main thread initiated.
# KERNEL: Kernel process initialization phase.
# ELAB2: Elaboration final pass...
# ELAB2: Create instances ...
# KERNEL: Time resolution set to 1ps.
# ELAB2: Warning: ELAB2_0051 aproximador_polinomial.v (11): Length of connection (32) does not match the length of port "out" (31) on instance "/aproximador_polinomial/mult1".
# ELAB2: Warning: ELAB2_0051 aproximador_polinomial.v (14): Length of connection (32) does not match the length of port "out" (31) on instance "/aproximador_polinomial/mult2".
# ELAB2: Warning: ELAB2_0051 aproximador_polinomial.v (17): Length of connection (32) does not match the length of port "out" (31) on instance "/aproximador_polinomial/mult3".
# ELAB2: Create instances complete.
# ELAB2: Elaboration final pass complete - time: 0.0 [s].
# KERNEL: Warning: You are using the Active-HDL Student Edition. The performance of simulation is running at a reduced rate.
# KERNEL: Warning: Contact Aldec for available upgrade options - sales@aldec.com.
# KERNEL: Kernel process initialization done.
# Allocation: Simulator allocated 6556 kB (elbread=427 elab2=5991 kernel=137 sdf=0)
# KERNEL: ASDB file was created in location d:\Tareas\Otoño 25\Sistemas Embebidos\labs\polinomialAprox\polinomialAprox\src\wave.asdb
# Stimuli: Warning: The stimuli set "StimuliSet3" has been made inactive.
#  01:11 p. m., lunes, 29 de septiembre de 2025
#  Simulation has been initialized
# VSIM: 11 object(s) traced.
# Waveform file 'untitled.awc' connected to 'd:/Tareas/Otoño 25/Sistemas Embebidos/labs/polinomialAprox/polinomialAprox/src/wave.asdb'.
run
# KERNEL: Simulation has finished. There are no more test vectors to simulate.
run
# KERNEL: Simulation has finished. There are no more test vectors to simulate.
alog -O2 -sve -msg 5 -sv2k17 -work polinomialAprox $dsn/src/aproximador_polinomial.v
# Unit top modules: aproximador_polinomial.
# Compile success 0 Errors 0 Warnings  Analysis time: 0[s].
# done
run
# KERNEL: Simulation has finished. There are no more test vectors to simulate.
run
# KERNEL: Simulation has finished. There are no more test vectors to simulate.
run
# KERNEL: Simulation has finished. There are no more test vectors to simulate.
alog -O2 -sve -msg 5 -sv2k17 -work polinomialAprox $dsn/src/aproximador_polinomial.v
# Unit top modules: aproximador_polinomial.
# Compile success 0 Errors 0 Warnings  Analysis time: 0[s].
# done
run
# KERNEL: Simulation has finished. There are no more test vectors to simulate.
endsim
# VSIM: Simulation has finished.
asim -O2 +access +r +m+aproximador_polinomial aproximador_polinomial
# ELBREAD: Elaboration process.
# ELBREAD: Elaboration time 0.0 [s].
# VSIM: Stack memory: 32MB
# VSIM: Retval memory: 32MB
# 
# KERNEL: Main thread initiated.
# KERNEL: Kernel process initialization phase.
# ELAB2: Elaboration final pass...
# ELAB2: Create instances ...
# KERNEL: Time resolution set to 1ps.
# ELAB2: Warning: ELAB2_0051 aproximador_polinomial.v (11): Length of connection (32) does not match the length of port "out" (31) on instance "/aproximador_polinomial/mult1".
# ELAB2: Warning: ELAB2_0051 aproximador_polinomial.v (14): Length of connection (32) does not match the length of port "out" (31) on instance "/aproximador_polinomial/mult2".
# ELAB2: Warning: ELAB2_0051 aproximador_polinomial.v (17): Length of connection (32) does not match the length of port "out" (31) on instance "/aproximador_polinomial/mult3".
# ELAB2: Create instances complete.
# ELAB2: Elaboration final pass complete - time: 0.0 [s].
# KERNEL: Warning: You are using the Active-HDL Student Edition. The performance of simulation is running at a reduced rate.
# KERNEL: Warning: Contact Aldec for available upgrade options - sales@aldec.com.
# KERNEL: Kernel process initialization done.
# Allocation: Simulator allocated 6556 kB (elbread=427 elab2=5991 kernel=137 sdf=0)
# KERNEL: ASDB file was created in location d:\Tareas\Otoño 25\Sistemas Embebidos\labs\polinomialAprox\polinomialAprox\src\wave.asdb
# Stimuli: Warning: The stimuli set "StimuliSet4" has been made inactive.
#  01:17 p. m., lunes, 29 de septiembre de 2025
#  Simulation has been initialized
# VSIM: 11 object(s) traced.
# Waveform file 'untitled.awc' connected to 'd:/Tareas/Otoño 25/Sistemas Embebidos/labs/polinomialAprox/polinomialAprox/src/wave.asdb'.
alog -O2 -sve -msg 5 -sv2k17 -work polinomialAprox $dsn/src/aproximador_polinomial.v
# Unit top modules: aproximador_polinomial.
# Compile success 0 Errors 0 Warnings  Analysis time: 0[s].
# done
endsim
# VSIM: Simulation has finished.
asim -O2 +access +r +m+aproximador_polinomial aproximador_polinomial
# ELBREAD: Elaboration process.
# ELBREAD: Elaboration time 0.0 [s].
# VSIM: Stack memory: 32MB
# VSIM: Retval memory: 32MB
# 
# KERNEL: Main thread initiated.
# KERNEL: Kernel process initialization phase.
# ELAB2: Elaboration final pass...
# ELAB2: Create instances ...
# KERNEL: Time resolution set to 1ps.
# ELAB2: Warning: ELAB2_0051 aproximador_polinomial.v (11): Length of connection (32) does not match the length of port "out" (31) on instance "/aproximador_polinomial/mult1".
# ELAB2: Warning: ELAB2_0051 aproximador_polinomial.v (14): Length of connection (32) does not match the length of port "out" (31) on instance "/aproximador_polinomial/mult2".
# ELAB2: Warning: ELAB2_0051 aproximador_polinomial.v (17): Length of connection (32) does not match the length of port "out" (31) on instance "/aproximador_polinomial/mult3".
# ELAB2: Create instances complete.
# ELAB2: Elaboration final pass complete - time: 0.0 [s].
# KERNEL: Warning: You are using the Active-HDL Student Edition. The performance of simulation is running at a reduced rate.
# KERNEL: Warning: Contact Aldec for available upgrade options - sales@aldec.com.
# KERNEL: Kernel process initialization done.
# Allocation: Simulator allocated 6555 kB (elbread=427 elab2=5990 kernel=137 sdf=0)
# KERNEL: ASDB file was created in location d:\Tareas\Otoño 25\Sistemas Embebidos\labs\polinomialAprox\polinomialAprox\src\wave.asdb
#  01:20 p. m., lunes, 29 de septiembre de 2025
#  Simulation has been initialized
# VSIM: 11 object(s) traced.
# Waveform file 'untitled.awc' connected to 'd:/Tareas/Otoño 25/Sistemas Embebidos/labs/polinomialAprox/polinomialAprox/src/wave.asdb'.
alog -O2 -sve -msg 5 -sv2k17 -work polinomialAprox $dsn/src/aproximador_polinomial.v
# Unit top modules: aproximador_polinomial.
# Compile success 0 Errors 0 Warnings  Analysis time: 0[s].
# done
endsim
# VSIM: Simulation has finished.
asim -O2 +access +r +m+aproximador_polinomial aproximador_polinomial
# ELBREAD: Elaboration process.
# ELBREAD: Elaboration time 0.0 [s].
# VSIM: Stack memory: 32MB
# VSIM: Retval memory: 32MB
# 
# KERNEL: Main thread initiated.
# KERNEL: Kernel process initialization phase.
# ELAB2: Elaboration final pass...
# ELAB2: Create instances ...
# KERNEL: Time resolution set to 1ps.
# ELAB2: Warning: ELAB2_0051 aproximador_polinomial.v (11): Length of connection (32) does not match the length of port "out" (31) on instance "/aproximador_polinomial/mult1".
# ELAB2: Warning: ELAB2_0051 aproximador_polinomial.v (14): Length of connection (32) does not match the length of port "out" (31) on instance "/aproximador_polinomial/mult2".
# ELAB2: Warning: ELAB2_0051 aproximador_polinomial.v (17): Length of connection (32) does not match the length of port "out" (31) on instance "/aproximador_polinomial/mult3".
# ELAB2: Create instances complete.
# ELAB2: Elaboration final pass complete - time: 0.0 [s].
# KERNEL: Warning: You are using the Active-HDL Student Edition. The performance of simulation is running at a reduced rate.
# KERNEL: Warning: Contact Aldec for available upgrade options - sales@aldec.com.
# KERNEL: Kernel process initialization done.
# Allocation: Simulator allocated 6552 kB (elbread=427 elab2=5987 kernel=137 sdf=0)
# KERNEL: ASDB file was created in location d:\Tareas\Otoño 25\Sistemas Embebidos\labs\polinomialAprox\polinomialAprox\src\wave.asdb
#  01:21 p. m., lunes, 29 de septiembre de 2025
#  Simulation has been initialized
# VSIM: 11 object(s) traced.
# Waveform file 'untitled.awc' connected to 'd:/Tareas/Otoño 25/Sistemas Embebidos/labs/polinomialAprox/polinomialAprox/src/wave.asdb'.
alog -O2 -sve -msg 5 -sv2k17 -work polinomialAprox $dsn/src/multiplier2.v
# Info: VCP2876 multiplier2.v : (10, 18): Implicit net declaration, symbol out1 has not been declared in module multiplier2.
# Compile success 0 Errors 0 Warnings  Analysis time: 0[s].
# done
alog -O2 -sve -msg 5 -sv2k17 -work polinomialAprox $dsn/src/aproximador_polinomial.v
# Unit top modules: aproximador_polinomial.
# Compile success 0 Errors 0 Warnings  Analysis time: 0[s].
# done
endsim
# VSIM: Simulation has finished.
asim -O2 +access +r +m+aproximador_polinomial aproximador_polinomial
# ELBREAD: Elaboration process.
# ELBREAD: Elaboration time 0.0 [s].
# VSIM: Stack memory: 32MB
# VSIM: Retval memory: 32MB
# 
# KERNEL: Main thread initiated.
# KERNEL: Kernel process initialization phase.
# ELAB2: Elaboration final pass...
# ELAB2: Create instances ...
# KERNEL: Time resolution set to 1ps.
# ELAB2: Create instances complete.
# ELAB2: Elaboration final pass complete - time: 0.0 [s].
# KERNEL: Warning: You are using the Active-HDL Student Edition. The performance of simulation is running at a reduced rate.
# KERNEL: Warning: Contact Aldec for available upgrade options - sales@aldec.com.
# KERNEL: Kernel process initialization done.
# Allocation: Simulator allocated 6551 kB (elbread=427 elab2=5986 kernel=137 sdf=0)
# KERNEL: ASDB file was created in location d:\Tareas\Otoño 25\Sistemas Embebidos\labs\polinomialAprox\polinomialAprox\src\wave.asdb
#  01:28 p. m., lunes, 29 de septiembre de 2025
#  Simulation has been initialized
# VSIM: 11 object(s) traced.
# Waveform file 'untitled.awc' connected to 'd:/Tareas/Otoño 25/Sistemas Embebidos/labs/polinomialAprox/polinomialAprox/src/wave.asdb'.
run
# KERNEL: Simulation has finished. There are no more test vectors to simulate.
run
# KERNEL: Simulation has finished. There are no more test vectors to simulate.
run 1000 ns
# KERNEL: stopped at time: 1 us
# KERNEL: Simulation has finished. There are no more test vectors to simulate.
